{
  "stats": {
    "suites": 1,
    "tests": 3,
    "passes": 3,
    "pending": 0,
    "failures": 0,
    "start": "2018-09-17T07:14:25.726Z",
    "end": "2018-09-17T07:14:29.016Z",
    "duration": 3290,
    "testsRegistered": 3,
    "passPercent": 100,
    "pendingPercent": 0,
    "other": 0,
    "hasOther": false,
    "skipped": 0,
    "hasSkipped": false,
    "passPercentClass": "success",
    "pendingPercentClass": "danger"
  },
  "suites": {
    "uuid": "39194be1-7c35-4072-8e5b-170e9ad067ed",
    "title": "",
    "fullFile": "",
    "file": "",
    "beforeHooks": [],
    "afterHooks": [],
    "tests": [],
    "suites": [
      {
        "uuid": "c6574054-e567-4953-b709-600c5b369baa",
        "title": "Window",
        "fullFile": "",
        "file": "",
        "beforeHooks": [],
        "afterHooks": [],
        "tests": [
          {
            "title": "cy.window() - get the global window object",
            "fullTitle": "Window cy.window() - get the global window object",
            "duration": 551,
            "state": "passed",
            "speed": "slow",
            "pass": true,
            "fail": false,
            "pending": false,
            "code": "// https://on.cypress.io/window\ncy.window().should('have.property', 'top');",
            "err": {},
            "isRoot": false,
            "uuid": "6b1b9e9a-595c-4b9b-9cd7-1011989f63b6",
            "isHook": false,
            "skipped": false
          },
          {
            "title": "cy.document() - get the document object",
            "fullTitle": "Window cy.document() - get the document object",
            "duration": 331,
            "state": "passed",
            "speed": "slow",
            "pass": true,
            "fail": false,
            "pending": false,
            "code": "// https://on.cypress.io/document\ncy.document().should('have.property', 'charset').and('eq', 'UTF-8');",
            "err": {},
            "isRoot": false,
            "uuid": "1af4dd15-1a17-4ad0-ba41-5a661027f7ba",
            "isHook": false,
            "skipped": false
          },
          {
            "title": "cy.title() - get the title",
            "fullTitle": "Window cy.title() - get the title",
            "duration": 758,
            "state": "passed",
            "speed": "slow",
            "pass": true,
            "fail": false,
            "pending": false,
            "code": "// https://on.cypress.io/title\ncy.title().should('include', 'Kitchen Sink');",
            "err": {},
            "isRoot": false,
            "uuid": "ede6cbd6-f16c-47c2-bf24-d9cf95d7d9ba",
            "isHook": false,
            "skipped": false
          }
        ],
        "suites": [],
        "passes": [
          "6b1b9e9a-595c-4b9b-9cd7-1011989f63b6",
          "1af4dd15-1a17-4ad0-ba41-5a661027f7ba",
          "ede6cbd6-f16c-47c2-bf24-d9cf95d7d9ba"
        ],
        "failures": [],
        "pending": [],
        "skipped": [],
        "duration": 1640,
        "root": false,
        "rootEmpty": false,
        "_timeout": 2000
      }
    ],
    "passes": [],
    "failures": [],
    "pending": [],
    "skipped": [],
    "duration": 0,
    "root": true,
    "rootEmpty": true,
    "_timeout": 2000
  },
  "copyrightYear": 2018
}